C51 COMPILER V9.00   计算_硬件综合设计                                                    12/19/2024 10:48:47 PAGE 1   


C51 COMPILER V9.00, COMPILATION OF MODULE 计算_硬件综合设计
OBJECT MODULE PLACED IN 计算机硬件综合设计.OBJ
COMPILER INVOKED BY: C:\develop\keil4\C51\BIN\C51.EXE 计算机硬件综合设计.c BROWSE DEBUG OBJECTEXTEND

line level    source

   1          #include <lcd1602.h>            //导入lcd1602库（有关屏幕显示改变
   2          #include <reg51.h>                      //导入reg51库
   3          #include <ds18b20.h>            //导入温度传感器的库
   4          
   5          uint count=0;                           //用作PWM计数
   6          uchar speed=0;                          //用作控制PWM的循环次数
   7          sbit motor=P2^7;                        //用于控制风扇
   8          sbit light=P2^0;                        //用于控制加热灯（D8）
   9          sbit fmq=P1^4;                  //用于控制蜂鸣器
  10          
  11          void T_0(void) interrupt 1 using 1{
  12   1              if(count<speed) motor=1;                        //PWM波设置
  13   1              if(count>speed) motor=0;
  14   1              if(count>=5) count=0;   
  15   1              count++;
  16   1      }
  17          
  18          void main(void){                        //主函数
  19   1              int rtemp;                              //用于存储温度；
  20   1              char temp;                              //用于从温度传感器读取温度
  21   1              bit addr=1;                             //用于判断要从at24c02里读取或者修改的是的是温度上限值（0）还是下限值（1）
  22   1              bit change_can=0;               //判断是否进入设置模式
  23   1              char H,L;                               //存储上限和下限
  24   1      
  25   1              init_ds18b20();                 //初始化温度传感器和ldc1602
  26   1              LCD_initial();  
  27   1      
  28   1              motor=0;
  29   1      
  30   1              TH0=0x66;
  31   1              TL0=0x66;
  32   1              TF0=0;
  33   1              EA=1;
  34   1              ET0=1;
  35   1              /*
  36   1              string(0x80,"welcome to AAUCS");                        //欢迎界面
  37   1              string(0xC0,"NO.22");     
  38   1              delay(250);
  39   1              for(x=0;x<3;x++){
  40   1                      write_command(0x08);
  41   1                      delay(250);
  42   1                      write_command(0x0c);
  43   1                      delay(250);
  44   1              }
  45   1              for(x=0;x<14;x++){
  46   1                      write_command(0x18);  
  47   1                      delay(100);
  48   1              }
  49   1              write_command(0x01);
  50   1              delay(1);
  51   1              */
  52   1              while(1){                               //初始化完成，进入循环                  
  53   2      
  54   2                      write_command(0xc0);//关光标
  55   2                                                                 
C51 COMPILER V9.00   计算_硬件综合设计                                                    12/19/2024 10:48:47 PAGE 2   

  56   2                      change(0);                      //lcd1602第一行显示
  57   2                      change(1);
  58   2                 
  59   2      
  60   2                                                              //lcd1602第二行温度显示
  61   2                      rtemp=retemp();
  62   2                      temp=rtemp;
  63   2                      if(rtemp==128)  temp=127;
  64   2                      string(0xc0,"T:");
  65   2                      if(rtemp>=1000) write_data(0x31);
  66   2                      else if(rtemp<0)        write_data(0x2d);
  67   2                      else string(0xc2," ");
  68   2                      if(rtemp>=100||rtemp<=-100)     write_data(0x30+(rtemp/100%10));
  69   2                      else write_data(0x02);
  70   2                      if(rtemp>=10||rtemp<=-10)       write_data(0x30+(rtemp/10%10));
  71   2                      else    write_data(0x02);
  72   2                      write_data(0x2e);
  73   2                      write_data(0x30+rtemp%10);
  74   2                  write_data(0xdf); 
  75   2              write_data(0x43); 
  76   2      
  77   2                      H=read(0);                      
  78   2                      L=read(1);                              
  79   2      
  80   2                      if(addr)        string(0x90,"");                                                //lcd1602第二行风扇状态
  81   2                      else    string(0x83,"");
  82   2                      temp=retemp()/10;
  83   2                      if(temp>=H+5){
  84   3                              speed=5;
  85   3                              string(0xc9," FAN:3");
  86   3                      }else if(temp>=H+3){
  87   3                              speed=4;                   
  88   3                              string(0xc9," FAN:2");
  89   3                      }else if(temp>=H+1){    
  90   3                              speed=2;        
  91   3                              string(0xc9," FAN:1");
  92   3                      }else{
  93   3                              speed=0;           
  94   3                              string(0xc9," FAN:0");
  95   3                      }
  96   2                      if(speed!=0)    TR0=1;
  97   2                      else    TR0=0;
  98   2      
  99   2                      if(change_can==1){
 100   3                              if(addr)        string(0x89,"L:");
 101   3                              else            string(0x82,"");
 102   3                              write_command(0x0f);//开光标  
 103   3                              write_command(0x14);
 104   3                              delay(100);     
 105   3                              write_command(0x14);
 106   3                              delay(100);     
 107   3                              write_command(0x14);
 108   3                              delay(100);     
 109   3                      }
 110   2      
 111   2                      write_ds(H+1,L+1);                      //将温度上限和下线存入温度传感器
 112   2      
 113   2                      if(S1==0&&change_can==0){
 114   3                              change_can=setup();     //判断是否按下S1，设置可进入设置模式（进行修改）                
 115   3                      }               
 116   2      
 117   2                      if(change_can){                                         //进行修改
C51 COMPILER V9.00   计算_硬件综合设计                                                    12/19/2024 10:48:47 PAGE 3   

 118   3                              if(S1==0){                                              //再次按下S1，更换设置上下限
 119   4                                      addr=~addr;
 120   4                              }  
 121   3                              if(S2==0){                                              //对设置的值进行加一，存入at24c02和温度传感器，更改屏幕数值
 122   4                                      write_ds(H+1,L+1);
 123   4                                      add(H,L,addr);
 124   4                                      delay(5);
 125   4                              }else if(S3==0){                                //对设置的值进行减一，存入at24c02和温度传感器，更改屏幕数值
 126   4                                      write_ds(read(0),read(1));
 127   4                                      sub(H,L,addr);   
 128   4                                      delay(5);                  
 129   4                                      write_ds(H-1,L-1);
 130   4                              }else if(S4==0){                                //退出设值模式
 131   4                                      change_can=exit();
 132   4                              }
 133   3                      }
 134   2      
 135   2                      if(temp<L+1)    light=0;
 136   2                      else    light=1;
 137   2                      
 138   2                      if(H+1<=temp|L+1>temp)  fmq=0;
 139   2                      else    fmq=1;  
 140   2                              
 141   2              }
 142   1      }


MODULE INFORMATION:   STATIC OVERLAYABLE
   CODE SIZE        =   1874    ----
   CONSTANT SIZE    =     40    ----
   XDATA SIZE       =   ----    ----
   PDATA SIZE       =   ----    ----
   DATA SIZE        =      4      17
   IDATA SIZE       =   ----    ----
   BIT SIZE         =   ----       7
END OF MODULE INFORMATION.


C51 COMPILATION COMPLETE.  0 WARNING(S),  0 ERROR(S)
